<?xml version="1.0" encoding="UTF-8"?>
<testsuite name="code.challenge.controller.AudioControllerTest" tests="1" skipped="0" failures="0" errors="0" timestamp="2022-11-18T18:54:16" hostname="Johanness-MacBook-Pro.local" time="0.785">
  <properties/>
  <testcase name="testProcessCorrectAudioFile()" classname="code.challenge.controller.AudioControllerTest" time="0.785"/>
  <system-out><![CDATA[?[36m19:54:16.192?[0;39m ?[1;30m[Test worker]?[0;39m ?[34mINFO ?[0;39m ?[35mi.m.context.env.DefaultEnvironment?[0;39m - Established active environments: [test]
]]></system-out>
  <system-err><![CDATA[]]></system-err>
</testsuite>
